<?xml version="1.0" encoding="UTF-8"?>
<!-- Generated by org.testng.reporters.JUnitXMLReporter -->
<testsuite ignored="0" hostname="alejandrolammbp.lan" failures="0" tests="3" name="Default test" time="0.047" errors="0" timestamp="2021-12-01T14:11:40 CST">
  <testcase classname="com.code.CodePractice" name="deleteLetters" time="0.012"/>
  <testcase classname="com.code.CodePractice" name="findNumberPosition" time="0.001"/>
  <testcase classname="com.code.CodePractice" name="reverseSentence" time="0.001"/>
</testsuite> <!-- Default test -->
