<?xml version="1.0" encoding="UTF-8"?>
<!-- Generated by org.testng.reporters.JUnitXMLReporter -->
<testsuite ignored="0" hostname="alejandrolammbp.lan" failures="0" tests="4" name="Default test" time="0.059" errors="0" timestamp="2021-12-02T10:57:23 CST">
  <testcase classname="com.code.CodePractice" name="deleteLetters" time="0.007"/>
  <testcase classname="com.code.CodePractice" name="findNumberPosition" time="0.001"/>
  <testcase classname="com.code.CodePractice" name="removeNumber" time="0.002"/>
  <testcase classname="com.code.CodePractice" name="reverseSentence" time="0.001"/>
</testsuite> <!-- Default test -->
