<?xml version="1.0" encoding="UTF-8"?>
<!-- Generated by org.testng.reporters.JUnitXMLReporter -->
<testsuite ignored="5" hostname="alejandrolammbp.lan" failures="0" tests="1" name="Default test(failed)(failed)" time="0.047" errors="0" timestamp="2021-12-02T16:30:50 CST">
  <testcase classname="com.code.CodePractice" name="aPrintHi" time="0.008"/>
  <testcase classname="com.code.CodePractice" name="findNumberPosition" time="0.0">
    <ignored/>
  </testcase> <!-- findNumberPosition -->
  <testcase classname="com.code.CodePractice" name="deleteLetters" time="0.0">
    <ignored/>
  </testcase> <!-- deleteLetters -->
  <testcase classname="com.code.CodePractice" name="removeNumber" time="0.0">
    <ignored/>
  </testcase> <!-- removeNumber -->
  <testcase classname="com.code.CodePractice" name="countRepeatedNumbers" time="0.0">
    <ignored/>
  </testcase> <!-- countRepeatedNumbers -->
  <testcase classname="com.code.CodePractice" name="reverseSentence" time="0.0">
    <ignored/>
  </testcase> <!-- reverseSentence -->
</testsuite> <!-- Default test(failed)(failed) -->
