<?xml version="1.0" encoding="UTF-8"?>
<testng-results ignored="0" total="2" passed="2" failed="0" skipped="0">
  <reporter-output>
  </reporter-output>
  <suite started-at="2021-12-01T12:50:27 CST" name="Default suite" finished-at="2021-12-01T12:50:27 CST" duration-ms="64">
    <groups>
    </groups>
    <test started-at="2021-12-01T12:50:27 CST" name="Default test" finished-at="2021-12-01T12:50:27 CST" duration-ms="64">
      <class name="com.code.CodePractice">
        <test-method signature="deleteLetters()[pri:0, instance:com.code.CodePractice@35aea049]" started-at="2021-12-01T12:50:27 CST" name="deleteLetters" finished-at="2021-12-01T12:50:27 CST" duration-ms="11" status="PASS">
          <reporter-output>
          </reporter-output>
        </test-method> <!-- deleteLetters -->
        <test-method signature="reverseSentence()[pri:0, instance:com.code.CodePractice@35aea049]" started-at="2021-12-01T12:50:27 CST" name="reverseSentence" finished-at="2021-12-01T12:50:27 CST" duration-ms="1" status="PASS">
          <reporter-output>
          </reporter-output>
        </test-method> <!-- reverseSentence -->
      </class> <!-- com.code.CodePractice -->
    </test> <!-- Default test -->
  </suite> <!-- Default suite -->
</testng-results>
